<?xml version="1.0" encoding="UTF-8"?>
<!-- Generated by org.testng.reporters.JUnitXMLReporter -->
<testsuite ignored="2" hostname="IT-QA" failures="0" tests="2" name="Default test" time="20.907" errors="0" timestamp="2021-02-04T09:02:45 CST">
  <testcase classname="com.qe.qa.testcases.GetQuoteTest" name="getTitleHome" time="3.741"/>
  <testcase classname="com.qe.qa.testcases.GetQuoteTest" name="getTitleRateEngine" time="1.569"/>
  <testcase classname="com.qe.qa.testcases.GetQuoteTest" name="GetQuoteDl" time="0.0">
    <ignored/>
  </testcase> <!-- GetQuoteDl -->
  <testcase classname="com.qe.qa.testcases.GetQuoteTest" name="getQuoteManual" time="0.0">
    <ignored/>
  </testcase> <!-- getQuoteManual -->
</testsuite> <!-- Default test -->
