<?xml version="1.0" encoding="UTF-8"?>
<!-- Generated by org.testng.reporters.JUnitXMLReporter -->
<testsuite ignored="3" hostname="IT-QA" failures="0" tests="1" name="Default test" time="37.462" errors="0" timestamp="2021-03-04T08:45:22 CST">
  <testcase classname="com.qe.qa.testcases.GetQuoteTest" name="GetQuoteDl" time="31.915"/>
  <testcase classname="com.qe.qa.testcases.GetQuoteTest" name="getTitleHome" time="0.0">
    <ignored/>
  </testcase> <!-- getTitleHome -->
  <testcase classname="com.qe.qa.testcases.GetQuoteTest" name="getQuoteManual" time="0.0">
    <ignored/>
  </testcase> <!-- getQuoteManual -->
  <testcase classname="com.qe.qa.testcases.GetQuoteTest" name="getTitleRateEngine" time="0.0">
    <ignored/>
  </testcase> <!-- getTitleRateEngine -->
</testsuite> <!-- Default test -->
