<?xml version="1.0" encoding="UTF-8"?>
<testng-results ignored="3" total="4" passed="1" failed="0" skipped="0">
  <reporter-output>
  </reporter-output>
  <suite started-at="2021-03-04T08:44:44 CST" name="Default suite" finished-at="2021-03-04T08:45:22 CST" duration-ms="37462">
    <groups>
    </groups>
    <test started-at="2021-03-04T08:44:44 CST" name="Default test" finished-at="2021-03-04T08:45:22 CST" duration-ms="37462">
      <class name="com.qe.qa.testcases.GetQuoteTest">
        <test-method is-config="true" signature="setUp()[pri:0, instance:com.qe.qa.testcases.GetQuoteTest@609bcfb6]" started-at="2021-03-04T08:44:45 CST" name="setUp" finished-at="2021-03-04T08:44:49 CST" duration-ms="4562" status="PASS">
          <reporter-output>
          </reporter-output>
        </test-method> <!-- setUp -->
        <test-method signature="GetQuoteDl()[pri:0, instance:com.qe.qa.testcases.GetQuoteTest@609bcfb6]" started-at="2021-03-04T08:44:49 CST" name="GetQuoteDl" finished-at="2021-03-04T08:45:21 CST" duration-ms="31915" status="PASS">
          <reporter-output>
          </reporter-output>
        </test-method> <!-- GetQuoteDl -->
        <test-method is-config="true" signature="tearDown()[pri:0, instance:com.qe.qa.testcases.GetQuoteTest@609bcfb6]" started-at="2021-03-04T08:45:21 CST" name="tearDown" finished-at="2021-03-04T08:45:22 CST" duration-ms="794" status="PASS">
          <reporter-output>
          </reporter-output>
        </test-method> <!-- tearDown -->
      </class> <!-- com.qe.qa.testcases.GetQuoteTest -->
    </test> <!-- Default test -->
  </suite> <!-- Default suite -->
</testng-results>
